# JRE version: Java(TM) SE Runtime Environment (8.0_151-b12) (build 1.8.0_151-b12)
# Java VM: Java HotSpot(TM) 64-Bit Server VM (25.151-b12 mixed mode bsd-amd64 compressed oops)
Heap:
 PSYoungGen      total 818176K, used 23735K [0x000000076ab00000, 0x00000007a2a80000, 0x00000007c0000000)
  eden space 798208K, 0% used [0x000000076ab00000,0x000000076aeb0f78,0x000000079b680000)
  from space 19968K, 99% used [0x00000007a1080000,0x00000007a23fcf90,0x00000007a2400000)
  to   space 6656K, 0% used [0x00000007a2400000,0x00000007a2400000,0x00000007a2a80000)
 ParOldGen       total 231424K, used 39107K [0x00000006c0000000, 0x00000006ce200000, 0x000000076ab00000)
  object space 231424K, 16% used [0x00000006c0000000,0x00000006c2630e60,0x00000006ce200000)
 Metaspace       used 64939K, capacity 73362K, committed 73624K, reserved 1105920K
  class space    used 14672K, capacity 17541K, committed 17584K, reserved 1048576K
GC Heap History (10 events):
Event: 301.986 GC heap before
{Heap before GC invocations=20 (full 3):
 PSYoungGen      total 838144K, used 837796K [0x000000076ab00000, 0x00000007a0380000, 0x00000007c0000000)
  eden space 824320K, 100% used [0x000000076ab00000,0x000000079d000000,0x000000079d000000)
  from space 13824K, 97% used [0x000000079f600000,0x00000007a03290f8,0x00000007a0380000)
  to   space 22016K, 0% used [0x000000079d880000,0x000000079d880000,0x000000079ee00000)
 ParOldGen       total 231424K, used 35138K [0x00000006c0000000, 0x00000006ce200000, 0x000000076ab00000)
  object space 231424K, 15% used [0x00000006c0000000,0x00000006c2250aa0,0x00000006ce200000)
 Metaspace       used 62656K, capacity 69774K, committed 69912K, reserved 1101824K
  class space    used 14068K, capacity 16651K, committed 16688K, reserved 1048576K
Event: 301.999 GC heap after
Heap after GC invocations=20 (full 3):
 PSYoungGen      total 855040K, used 13476K [0x000000076ab00000, 0x00000007a4c00000, 0x00000007c0000000)
  eden space 833024K, 0% used [0x000000076ab00000,0x000000076ab00000,0x000000079d880000)
  from space 22016K, 61% used [0x000000079d880000,0x000000079e5a90f8,0x000000079ee00000)
  to   space 21504K, 0% used [0x00000007a3700000,0x00000007a3700000,0x00000007a4c00000)
 ParOldGen       total 231424K, used 35138K [0x00000006c0000000, 0x00000006ce200000, 0x000000076ab00000)
  object space 231424K, 15% used [0x00000006c0000000,0x00000006c2250aa0,0x00000006ce200000)
 Metaspace       used 62656K, capacity 69774K, committed 69912K, reserved 1101824K
  class space    used 14068K, capacity 16651K, committed 16688K, reserved 1048576K
}
Event: 314.279 GC heap before
{Heap before GC invocations=21 (full 3):
 PSYoungGen      total 855040K, used 846500K [0x000000076ab00000, 0x00000007a4c00000, 0x00000007c0000000)
  eden space 833024K, 100% used [0x000000076ab00000,0x000000079d880000,0x000000079d880000)
  from space 22016K, 61% used [0x000000079d880000,0x000000079e5a90f8,0x000000079ee00000)
  to   space 21504K, 0% used [0x00000007a3700000,0x00000007a3700000,0x00000007a4c00000)
 ParOldGen       total 231424K, used 35138K [0x00000006c0000000, 0x00000006ce200000, 0x000000076ab00000)
  object space 231424K, 15% used [0x00000006c0000000,0x00000006c2250aa0,0x00000006ce200000)
 Metaspace       used 62679K, capacity 69802K, committed 69912K, reserved 1101824K
  class space    used 14073K, capacity 16659K, committed 16688K, reserved 1048576K
Event: 314.292 GC heap after
Heap after GC invocations=21 (full 3):
 PSYoungGen      total 917504K, used 13508K [0x000000076ab00000, 0x00000007a4580000, 0x00000007c0000000)
  eden space 902656K, 0% used [0x000000076ab00000,0x000000076ab00000,0x00000007a1c80000)
  from space 14848K, 90% used [0x00000007a3700000,0x00000007a4431118,0x00000007a4580000)
  to   space 20992K, 0% used [0x00000007a1c80000,0x00000007a1c80000,0x00000007a3100000)
 ParOldGen       total 231424K, used 35146K [0x00000006c0000000, 0x00000006ce200000, 0x000000076ab00000)
  object space 231424K, 15% used [0x00000006c0000000,0x00000006c2252aa0,0x00000006ce200000)
 Metaspace       used 62679K, capacity 69802K, committed 69912K, reserved 1101824K
  class space    used 14073K, capacity 16659K, committed 16688K, reserved 1048576K
}
Event: 333.165 GC heap before
{Heap before GC invocations=22 (full 3):
 PSYoungGen      total 917504K, used 916164K [0x000000076ab00000, 0x00000007a4580000, 0x00000007c0000000)
  eden space 902656K, 100% used [0x000000076ab00000,0x00000007a1c80000,0x00000007a1c80000)
  from space 14848K, 90% used [0x00000007a3700000,0x00000007a4431118,0x00000007a4580000)
  to   space 20992K, 0% used [0x00000007a1c80000,0x00000007a1c80000,0x00000007a3100000)
 ParOldGen       total 231424K, used 35146K [0x00000006c0000000, 0x00000006ce200000, 0x000000076ab00000)
  object space 231424K, 15% used [0x00000006c0000000,0x00000006c2252aa0,0x00000006ce200000)
 Metaspace       used 62744K, capacity 69918K, committed 70168K, reserved 1103872K
  class space    used 14084K, capacity 16669K, committed 16688K, reserved 1048576K
Event: 333.178 GC heap after
Heap after GC invocations=22 (full 3):
 PSYoungGen      total 880128K, used 13508K [0x000000076ab00000, 0x00000007a3780000, 0x00000007c0000000)
  eden space 866304K, 0% used [0x000000076ab00000,0x000000076ab00000,0x000000079f900000)
  from space 13824K, 97% used [0x00000007a1c80000,0x00000007a29b10d8,0x00000007a2a00000)
  to   space 13824K, 0% used [0x00000007a2a00000,0x00000007a2a00000,0x00000007a3780000)
 ParOldGen       total 231424K, used 35154K [0x00000006c0000000, 0x00000006ce200000, 0x000000076ab00000)
  object space 231424K, 15% used [0x00000006c0000000,0x00000006c2254aa0,0x00000006ce200000)
 Metaspace       used 62744K, capacity 69918K, committed 70168K, reserved 1103872K
  class space    used 14084K, capacity 16669K, committed 16688K, reserved 1048576K
}
Event: 342.339 GC heap before
{Heap before GC invocations=23 (full 3):
 PSYoungGen      total 880128K, used 879812K [0x000000076ab00000, 0x00000007a3780000, 0x00000007c0000000)
  eden space 866304K, 100% used [0x000000076ab00000,0x000000079f900000,0x000000079f900000)
  from space 13824K, 97% used [0x00000007a1c80000,0x00000007a29b10d8,0x00000007a2a00000)
  to   space 13824K, 0% used [0x00000007a2a00000,0x00000007a2a00000,0x00000007a3780000)
 ParOldGen       total 231424K, used 35154K [0x00000006c0000000, 0x00000006ce200000, 0x000000076ab00000)
  object space 231424K, 15% used [0x00000006c0000000,0x00000006c2254aa0,0x00000006ce200000)
 Metaspace       used 62772K, capacity 69958K, committed 70168K, reserved 1103872K
  class space    used 14090K, capacity 16679K, committed 16688K, reserved 1048576K
Event: 342.350 GC heap after
Heap after GC invocations=23 (full 3):
 PSYoungGen      total 845312K, used 13524K [0x000000076ab00000, 0x00000007a3780000, 0x00000007c0000000)
  eden space 831488K, 0% used [0x000000076ab00000,0x000000076ab00000,0x000000079d700000)
  from space 13824K, 97% used [0x00000007a2a00000,0x00000007a3735108,0x00000007a3780000)
  to   space 19968K, 0% used [0x00000007a1080000,0x00000007a1080000,0x00000007a2400000)
 ParOldGen       total 231424K, used 35154K [0x00000006c0000000, 0x00000006ce200000, 0x000000076ab00000)
  object space 231424K, 15% used [0x00000006c0000000,0x00000006c2254aa0,0x00000006ce200000)
 Metaspace       used 62772K, capacity 69958K, committed 70168K, reserved 1103872K
  class space    used 14090K, capacity 16679K, committed 16688K, reserved 1048576K
}
Event: 48058.039 GC heap before
{Heap before GC invocations=24 (full 3):
 PSYoungGen      total 845312K, used 845012K [0x000000076ab00000, 0x00000007a3780000, 0x00000007c0000000)
  eden space 831488K, 100% used [0x000000076ab00000,0x000000079d700000,0x000000079d700000)
  from space 13824K, 97% used [0x00000007a2a00000,0x00000007a3735108,0x00000007a3780000)
  to   space 19968K, 0% used [0x00000007a1080000,0x00000007a1080000,0x00000007a2400000)
 ParOldGen       total 231424K, used 35154K [0x00000006c0000000, 0x00000006ce200000, 0x000000076ab00000)
  object space 231424K, 15% used [0x00000006c0000000,0x00000006c2254aa0,0x00000006ce200000)
 Metaspace       used 64938K, capacity 73362K, committed 73624K, reserved 1105920K
  class space    used 14672K, capacity 17541K, committed 17584K, reserved 1048576K
Event: 48058.354 GC heap after
Heap after GC invocations=24 (full 3):
 PSYoungGen      total 818176K, used 19955K [0x000000076ab00000, 0x00000007a2a80000, 0x00000007c0000000)
  eden space 798208K, 0% used [0x000000076ab00000,0x000000076ab00000,0x000000079b680000)
  from space 19968K, 99% used [0x00000007a1080000,0x00000007a23fcf90,0x00000007a2400000)
  to   space 6656K, 0% used [0x00000007a2400000,0x00000007a2400000,0x00000007a2a80000)
 ParOldGen       total 231424K, used 39107K [0x00000006c0000000, 0x00000006ce200000, 0x000000076ab00000)
  object space 231424K, 16% used [0x00000006c0000000,0x00000006c2630e60,0x00000006ce200000)
 Metaspace       used 64938K, capacity 73362K, committed 73624K, reserved 1105920K
  class space    used 14672K, capacity 17541K, committed 17584K, reserved 1048576K
}

